<?xml version="1.0" encoding="UTF-8" ?>
<testsuite failures="0" time="2.903" errors="1" skipped="0" tests="1" name="test.CTest">
  <properties>
[...]
</properties>
  <testcase time="2.903" classname="test.CTest" name="Test1">
    <error message="Failed to load ApplicationContext" type="java.lang.IllegalStateException">java.lang.IllegalStateException: Failed to load ApplicationContext
	at org.springframework.test.context.TestContext.getApplicationContext(TestContext.java:157)
	at org.springframework.test.context.support.DependencyInjectionTestExecutionListener.injectDependencies(DependencyInjectionTestExecutionListener.java:109)
	at org.springframework.test.context.support.DependencyInjectionTestExecutionListener.prepareTestInstance(DependencyInjectionTestExecutionListener.java:75)
	at org.springframework.test.context.TestContextManager.prepareTestInstance(TestContextManager.java:321)
	at org.springframework.test.context.junit4.SpringJUnit4ClassRunner.createTest(SpringJUnit4ClassRunner.java:211)
	at org.springframework.test.context.junit4.SpringJUnit4ClassRunner$1.runReflectiveCall(SpringJUnit4ClassRunner.java:288)
	at org.junit.internal.runners.model.ReflectiveCallable.run(ReflectiveCallable.java:12)
	at org.springframework.test.context.junit4.SpringJUnit4ClassRunner.methodBlock(SpringJUnit4ClassRunner.java:290)
	at org.springframework.test.context.junit4.SpringJUnit4ClassRunner.runChild(SpringJUnit4ClassRunner.java:231)
	at org.junit.runners.BlockJUnit4ClassRunner.runChild(BlockJUnit4ClassRunner.java:57)
	at org.junit.runners.ParentRunner$3.run(ParentRunner.java:290)
	at org.junit.runners.ParentRunner$1.schedule(ParentRunner.java:71)
	at org.junit.runners.ParentRunner.runChildren(ParentRunner.java:288)
	at org.junit.runners.ParentRunner.access$000(ParentRunner.java:58)
	at org.junit.runners.ParentRunner$2.evaluate(ParentRunner.java:268)
	at org.springframework.test.context.junit4.statements.RunBeforeTestClassCallbacks.evaluate(RunBeforeTestClassCallbacks.java:61)
	at org.springframework.test.context.junit4.statements.RunAfterTestClassCallbacks.evaluate(RunAfterTestClassCallbacks.java:71)
	at org.junit.runners.ParentRunner.run(ParentRunner.java:363)
	at org.springframework.test.context.junit4.SpringJUnit4ClassRunner.run(SpringJUnit4ClassRunner.java:174)
	at org.apache.maven.surefire.junit4.JUnit4Provider.execute(JUnit4Provider.java:252)
	at org.apache.maven.surefire.junit4.JUnit4Provider.executeTestSet(JUnit4Provider.java:141)
	at org.apache.maven.surefire.junit4.JUnit4Provider.invoke(JUnit4Provider.java:112)
	at sun.reflect.NativeMethodAccessorImpl.invoke0(Native Method)
	at sun.reflect.NativeMethodAccessorImpl.invoke(NativeMethodAccessorImpl.java:57)
	at sun.reflect.DelegatingMethodAccessorImpl.invoke(DelegatingMethodAccessorImpl.java:43)
	at java.lang.reflect.Method.invoke(Method.java:606)
	at org.apache.maven.surefire.util.ReflectionUtils.invokeMethodWithArray(ReflectionUtils.java:189)
	at org.apache.maven.surefire.booter.ProviderFactory$ProviderProxy.invoke(ProviderFactory.java:165)
	at org.apache.maven.surefire.booter.ProviderFactory.invokeProvider(ProviderFactory.java:85)
	at org.apache.maven.surefire.booter.ForkedBooter.runSuitesInProcess(ForkedBooter.java:115)
	at org.apache.maven.surefire.booter.ForkedBooter.main(ForkedBooter.java:75)
Caused by: org.springframework.beans.factory.BeanCreationException: Error creating bean with name &apos;jdbcDao&apos; defined in file [E:\cxl\dev\idea-cxl-space\crm\eisp-core\target\classes\org\crmframework\core\common\dao\jdbc\JdbcDao.class]: Invocation of init method failed; nested exception is java.lang.IllegalArgumentException: Property &apos;dataSource&apos; is required
	at org.springframework.beans.factory.support.AbstractAutowireCapableBeanFactory.initializeBean(AbstractAutowireCapableBeanFactory.java:1455)
	at org.springframework.beans.factory.support.AbstractAutowireCapableBeanFactory.doCreateBean(AbstractAutowireCapableBeanFactory.java:519)
	at org.springframework.beans.factory.support.AbstractAutowireCapableBeanFactory.createBean(AbstractAutowireCapableBeanFactory.java:456)
	at org.springframework.beans.factory.support.AbstractBeanFactory$1.getObject(AbstractBeanFactory.java:294)
	at org.springframework.beans.factory.support.DefaultSingletonBeanRegistry.getSingleton(DefaultSingletonBeanRegistry.java:225)
	at org.springframework.beans.factory.support.AbstractBeanFactory.doGetBean(AbstractBeanFactory.java:291)
	at org.springframework.beans.factory.support.AbstractBeanFactory.getBean(AbstractBeanFactory.java:193)
	at org.springframework.beans.factory.support.DefaultListableBeanFactory.preInstantiateSingletons(DefaultListableBeanFactory.java:585)
	at org.springframework.context.support.AbstractApplicationContext.finishBeanFactoryInitialization(AbstractApplicationContext.java:913)
	at org.springframework.context.support.AbstractApplicationContext.refresh(AbstractApplicationContext.java:464)
	at org.springframework.test.context.support.AbstractGenericContextLoader.loadContext(AbstractGenericContextLoader.java:103)
	at org.springframework.test.context.support.AbstractGenericContextLoader.loadContext(AbstractGenericContextLoader.java:1)
	at org.springframework.test.context.support.DelegatingSmartContextLoader.loadContext(DelegatingSmartContextLoader.java:228)
	at org.springframework.test.context.TestContext.loadApplicationContext(TestContext.java:124)
	at org.springframework.test.context.TestContext.getApplicationContext(TestContext.java:148)
	... 30 more
Caused by: java.lang.IllegalArgumentException: Property &apos;dataSource&apos; is required
	at org.springframework.jdbc.support.JdbcAccessor.afterPropertiesSet(JdbcAccessor.java:134)
	at org.springframework.beans.factory.support.AbstractAutowireCapableBeanFactory.invokeInitMethods(AbstractAutowireCapableBeanFactory.java:1514)
	at org.springframework.beans.factory.support.AbstractAutowireCapableBeanFactory.initializeBean(AbstractAutowireCapableBeanFactory.java:1452)
	... 44 more
</error>
    <system-out>23:33:53,714 |-INFO in ch.qos.logback.classic.LoggerContext[default] - Could NOT find resource [logback.groovy]
23:33:53,715 |-INFO in ch.qos.logback.classic.LoggerContext[default] - Could NOT find resource [logback-test.xml]
23:33:53,715 |-INFO in ch.qos.logback.classic.LoggerContext[default] - Found resource [logback.xml] at [file:/E:/cxl/dev/idea-cxl-space/crm/eisp-core/target/classes/logback.xml]
23:33:53,829 |-INFO in ch.qos.logback.classic.joran.action.ConfigurationAction - debug attribute not set
23:33:53,857 |-WARN in ch.qos.logback.core.joran.action.PropertyAction - [substitutionProperty] element has been deprecated. Please use the [property] element instead.
23:33:53,866 |-INFO in ch.qos.logback.classic.joran.action.JMXConfiguratorAction - begin
23:33:53,917 |-INFO in ch.qos.logback.core.joran.action.AppenderAction - About to instantiate appender of type [ch.qos.logback.core.rolling.RollingFileAppender]
23:33:53,922 |-INFO in ch.qos.logback.core.joran.action.AppenderAction - Naming appender as [logfile]
23:33:53,943 |-ERROR in ch.qos.logback.core.joran.spi.Interpreter@10:13 - no applicable action for [Encoding], current ElementPath  is [[configuration][appender][Encoding]]
23:33:53,993 |-INFO in c.q.l.core.rolling.TimeBasedRollingPolicy - Will use zip compression
23:33:53,995 |-INFO in c.q.l.core.rolling.TimeBasedRollingPolicy - Will use the pattern eisp.%d{yyyy-MM-dd}.log for the active file
23:33:53,999 |-INFO in c.q.l.core.rolling.DefaultTimeBasedFileNamingAndTriggeringPolicy - The date pattern is &apos;yyyy-MM-dd&apos; from file name pattern &apos;eisp.%d{yyyy-MM-dd}.log.zip&apos;.
23:33:53,999 |-INFO in c.q.l.core.rolling.DefaultTimeBasedFileNamingAndTriggeringPolicy - Roll-over at midnight.
23:33:54,003 |-INFO in c.q.l.core.rolling.DefaultTimeBasedFileNamingAndTriggeringPolicy - Setting initial period to Wed May 16 23:32:37 CST 2018
23:33:54,035 |-WARN in ch.qos.logback.core.rolling.RollingFileAppender[logfile] - This appender no longer admits a layout as a sub-component, set an encoder instead.
23:33:54,035 |-WARN in ch.qos.logback.core.rolling.RollingFileAppender[logfile] - To ensure compatibility, wrapping your layout in LayoutWrappingEncoder.
23:33:54,035 |-WARN in ch.qos.logback.core.rolling.RollingFileAppender[logfile] - See also http://logback.qos.ch/codes.html#layoutInsteadOfEncoder for details
23:33:54,037 |-INFO in ch.qos.logback.core.rolling.RollingFileAppender[logfile] - Active log file name: catalina.base_IS_UNDEFINED/logs/eisp.log
23:33:54,037 |-INFO in ch.qos.logback.core.rolling.RollingFileAppender[logfile] - File property is set to [catalina.base_IS_UNDEFINED/logs/eisp.log]
23:33:54,038 |-INFO in ch.qos.logback.core.joran.action.AppenderAction - About to instantiate appender of type [ch.qos.logback.core.rolling.RollingFileAppender]
23:33:54,038 |-INFO in ch.qos.logback.core.joran.action.AppenderAction - Naming appender as [logfile-StartupListener]
23:33:54,039 |-ERROR in ch.qos.logback.core.joran.spi.Interpreter@23:13 - no applicable action for [Encoding], current ElementPath  is [[configuration][appender][Encoding]]
23:33:54,040 |-INFO in c.q.l.core.rolling.TimeBasedRollingPolicy - Will use zip compression
23:33:54,040 |-INFO in c.q.l.core.rolling.TimeBasedRollingPolicy - Will use the pattern StartupListener.%d{yyyy-MM-dd}.log for the active file
23:33:54,041 |-INFO in c.q.l.core.rolling.DefaultTimeBasedFileNamingAndTriggeringPolicy - The date pattern is &apos;yyyy-MM-dd&apos; from file name pattern &apos;StartupListener.%d{yyyy-MM-dd}.log.zip&apos;.
23:33:54,041 |-INFO in c.q.l.core.rolling.DefaultTimeBasedFileNamingAndTriggeringPolicy - Roll-over at midnight.
23:33:54,041 |-INFO in c.q.l.core.rolling.DefaultTimeBasedFileNamingAndTriggeringPolicy - Setting initial period to Tue May 15 18:06:04 CST 2018
23:33:54,042 |-WARN in ch.qos.logback.core.rolling.RollingFileAppender[logfile-StartupListener] - This appender no longer admits a layout as a sub-component, set an encoder instead.
23:33:54,042 |-WARN in ch.qos.logback.core.rolling.RollingFileAppender[logfile-StartupListener] - To ensure compatibility, wrapping your layout in LayoutWrappingEncoder.
23:33:54,042 |-WARN in ch.qos.logback.core.rolling.RollingFileAppender[logfile-StartupListener] - See also http://logback.qos.ch/codes.html#layoutInsteadOfEncoder for details
23:33:54,043 |-INFO in ch.qos.logback.core.rolling.RollingFileAppender[logfile-StartupListener] - Active log file name: catalina.base_IS_UNDEFINED/logs/StartupListener.log
23:33:54,043 |-INFO in ch.qos.logback.core.rolling.RollingFileAppender[logfile-StartupListener] - File property is set to [catalina.base_IS_UNDEFINED/logs/StartupListener.log]
23:33:54,043 |-INFO in ch.qos.logback.core.joran.action.AppenderAction - About to instantiate appender of type [ch.qos.logback.core.rolling.RollingFileAppender]
23:33:54,043 |-INFO in ch.qos.logback.core.joran.action.AppenderAction - Naming appender as [logfile-CTest]
23:33:54,043 |-ERROR in ch.qos.logback.core.joran.spi.Interpreter@36:13 - no applicable action for [Encoding], current ElementPath  is [[configuration][appender][Encoding]]
23:33:54,044 |-INFO in c.q.l.core.rolling.TimeBasedRollingPolicy - Will use zip compression
23:33:54,044 |-INFO in c.q.l.core.rolling.TimeBasedRollingPolicy - Will use the pattern CTest.%d{yyyy-MM-dd}.log for the active file
23:33:54,045 |-INFO in c.q.l.core.rolling.DefaultTimeBasedFileNamingAndTriggeringPolicy - The date pattern is &apos;yyyy-MM-dd&apos; from file name pattern &apos;CTest.%d{yyyy-MM-dd}.log.zip&apos;.
23:33:54,045 |-INFO in c.q.l.core.rolling.DefaultTimeBasedFileNamingAndTriggeringPolicy - Roll-over at midnight.
23:33:54,046 |-INFO in c.q.l.core.rolling.DefaultTimeBasedFileNamingAndTriggeringPolicy - Setting initial period to Wed May 16 23:19:00 CST 2018
23:33:54,046 |-WARN in ch.qos.logback.core.rolling.RollingFileAppender[logfile-CTest] - This appender no longer admits a layout as a sub-component, set an encoder instead.
23:33:54,046 |-WARN in ch.qos.logback.core.rolling.RollingFileAppender[logfile-CTest] - To ensure compatibility, wrapping your layout in LayoutWrappingEncoder.
23:33:54,046 |-WARN in ch.qos.logback.core.rolling.RollingFileAppender[logfile-CTest] - See also http://logback.qos.ch/codes.html#layoutInsteadOfEncoder for details
23:33:54,046 |-INFO in ch.qos.logback.core.rolling.RollingFileAppender[logfile-CTest] - Active log file name: catalina.base_IS_UNDEFINED/logs/CTest.log
23:33:54,046 |-INFO in ch.qos.logback.core.rolling.RollingFileAppender[logfile-CTest] - File property is set to [catalina.base_IS_UNDEFINED/logs/CTest.log]
23:33:54,047 |-INFO in ch.qos.logback.core.joran.action.AppenderAction - About to instantiate appender of type [ch.qos.logback.classic.db.DBAppender]
23:33:54,051 |-INFO in ch.qos.logback.core.joran.action.AppenderAction - Naming appender as [DB]
23:33:54,060 |-ERROR in ch.qos.logback.core.joran.spi.Interpreter@51:70 - no applicable action for [dataSource], current ElementPath  is [[configuration][appender][connectionSource][dataSource]]
23:33:54,354 |-INFO in ch.qos.logback.core.db.DriverManagerConnectionSource@7997d021 - Driver name=Oracle JDBC driver
23:33:54,354 |-INFO in ch.qos.logback.core.db.DriverManagerConnectionSource@7997d021 - Driver version=11.2.0.1.0
23:33:54,354 |-INFO in ch.qos.logback.core.db.DriverManagerConnectionSource@7997d021 - supportsGetGeneratedKeys=true
23:33:54,360 |-INFO in ch.qos.logback.classic.joran.action.LoggerAction - Setting level of logger [test.CTest] to DEBUG
23:33:54,360 |-INFO in ch.qos.logback.classic.joran.action.LoggerAction - Setting additivity of logger [test.CTest] to true
23:33:54,360 |-INFO in ch.qos.logback.core.joran.action.AppenderRefAction - Attaching appender named [logfile-CTest] to Logger[test.CTest]
23:33:54,361 |-INFO in ch.qos.logback.classic.joran.action.LevelAction - ROOT level set to INFO
23:33:54,361 |-INFO in ch.qos.logback.core.joran.action.AppenderRefAction - Attaching appender named [logfile] to Logger[ROOT]
23:33:54,361 |-INFO in ch.qos.logback.classic.joran.action.ConfigurationAction - End of configuration.
23:33:54,362 |-INFO in ch.qos.logback.classic.joran.JoranConfigurator@5de164e4 - Registering current configuration as safe fallback point

</system-out>
    <system-err>SLF4J: The requested version 1.7.16 by your slf4j binding is not compatible with [1.6]
SLF4J: See http://www.slf4j.org/codes.html#version_mismatch for further details.
</system-err>
  </testcase>
</testsuite>